Copyright 1986-2020 Xilinx, Inc. All Rights Reserved.
-------------------------------------------------------------------------------------
| Tool Version : Vivado v.2020.1 (win64) Build 2902540 Wed May 27 19:54:49 MDT 2020
| Date         : Thu Nov  5 23:51:11 2020
| Host         : LAPTOP-JUUSF46K running 64-bit major release  (build 9200)
| Command      : report_control_sets -verbose -file au_top_0_control_sets_placed.rpt
| Design       : au_top_0
| Device       : xc7a35t
-------------------------------------------------------------------------------------

Control Set Information

Table of Contents
-----------------
1. Summary
2. Histogram
3. Flip-Flop Distribution
4. Detailed Control Set Information

1. Summary
----------

+----------------------------------------------------------+-------+
|                          Status                          | Count |
+----------------------------------------------------------+-------+
| Total control sets                                       |     9 |
|    Minimum number of control sets                        |     9 |
|    Addition due to synthesis replication                 |     0 |
|    Addition due to physical synthesis replication        |     0 |
| Unused register locations in slices containing registers |    28 |
+----------------------------------------------------------+-------+
* Control sets can be merged at opt_design using control_set_merge or merge_equivalent_drivers
** Run report_qor_suggestions for automated merging and remapping suggestions


2. Histogram
------------

+--------------------+-------+
|       Fanout       | Count |
+--------------------+-------+
| Total control sets |     9 |
| >= 0 to < 4        |     0 |
| >= 4 to < 6        |     2 |
| >= 6 to < 8        |     0 |
| >= 8 to < 10       |     0 |
| >= 10 to < 12      |     0 |
| >= 12 to < 14      |     0 |
| >= 14 to < 16      |     0 |
| >= 16              |     7 |
+--------------------+-------+
* Control sets can be remapped at either synth_design or opt_design


3. Flip-Flop Distribution
-------------------------

+--------------+-----------------------+------------------------+-----------------+--------------+
| Clock Enable | Synchronous Set/Reset | Asynchronous Set/Reset | Total Registers | Total Slices |
+--------------+-----------------------+------------------------+-----------------+--------------+
| No           | No                    | No                     |              49 |           19 |
| No           | No                    | Yes                    |               0 |            0 |
| No           | Yes                   | No                     |              22 |            6 |
| Yes          | No                    | No                     |               5 |            4 |
| Yes          | No                    | Yes                    |               0 |            0 |
| Yes          | Yes                   | No                     |              72 |           36 |
+--------------+-----------------------+------------------------+-----------------+--------------+


4. Detailed Control Set Information
-----------------------------------

+------------------+--------------------------------------+------------------------------------+------------------+----------------+--------------+
|   Clock Signal   |             Enable Signal            |          Set/Reset Signal          | Slice Load Count | Bel Load Count | Bels / Slice |
+------------------+--------------------------------------+------------------------------------+------------------+----------------+--------------+
|  clk_IBUF_BUFG   |                                      | reset_cond/M_reset_cond_in         |                2 |              4 |         2.00 |
|  clk_IBUF_BUFG   | FSM_sequential_M_states_q[4]_i_1_n_0 |                                    |                4 |              5 |         1.25 |
|  alu16b/mdl/E[0] |                                      |                                    |                8 |             16 |         2.00 |
|  clk_IBUF_BUFG   | store/condb/E[0]                     | io_button_IBUF[3]                  |               11 |             16 |         1.45 |
|  clk_IBUF_BUFG   | store/conda/E[0]                     | io_button_IBUF[3]                  |               15 |             16 |         1.07 |
|  clk_IBUF_BUFG   |                                      | reset_cond/Q[0]                    |                4 |             18 |         4.50 |
|  clk_IBUF_BUFG   | store/conda/sel                      | store/conda/sync/clear             |                5 |             20 |         4.00 |
|  clk_IBUF_BUFG   | store/condb/M_ctr_q[0]_i_2__0_n_0    | store/condb/sync/M_pipe_q_reg[1]_0 |                5 |             20 |         4.00 |
|  clk_IBUF_BUFG   |                                      |                                    |               11 |             33 |         3.00 |
+------------------+--------------------------------------+------------------------------------+------------------+----------------+--------------+


