Warnings in file C:\Users\zhiyi\Documents\alchitry\ObstacleGame\source\beta.luc:
    Line 24, Column 2 : "inputA" was never used
Starting Vivado...

****** Vivado v2020.1 (64-bit)
  **** SW Build 2902540 on Wed May 27 19:54:49 MDT 2020
  **** IP Build 2902112 on Wed May 27 22:43:36 MDT 2020
    ** Copyright 1986-2020 Xilinx, Inc. All Rights Reserved.

source {C:\Users\zhiyi\Documents\alchitry\ObstacleGame\work\project.tcl}
# set projDir "C:/Users/zhiyi/Documents/alchitry/ObstacleGame/work/vivado"
# set projName "GameMap"
# set topName top
# set device xc7a35tftg256-1
# if {[file exists "$projDir/$projName"]} { file delete -force "$projDir/$projName" }
# create_project $projName "$projDir/$projName" -part $device
# set_property design_mode RTL [get_filesets sources_1]
# set verilogSources [list "C:/Users/zhiyi/Documents/alchitry/ObstacleGame/work/verilog/au_top_0.v" "C:/Users/zhiyi/Documents/alchitry/ObstacleGame/work/verilog/reset_conditioner_1.v" "C:/Users/zhiyi/Documents/alchitry/ObstacleGame/work/verilog/edge_detector_2.v" "C:/Users/zhiyi/Documents/alchitry/ObstacleGame/work/verilog/button_conditioner_3.v" "C:/Users/zhiyi/Documents/alchitry/ObstacleGame/work/verilog/beta_4.v" "C:/Users/zhiyi/Documents/alchitry/ObstacleGame/work/verilog/multi_seven_seg_5.v" "C:/Users/zhiyi/Documents/alchitry/ObstacleGame/work/verilog/mapLED_6.v" "C:/Users/zhiyi/Documents/alchitry/ObstacleGame/work/verilog/playerLED_7.v" "C:/Users/zhiyi/Documents/alchitry/ObstacleGame/work/verilog/ws2812b_writer_8.v" "C:/Users/zhiyi/Documents/alchitry/ObstacleGame/work/verilog/pipeline_9.v" "C:/Users/zhiyi/Documents/alchitry/ObstacleGame/work/verilog/alu_10.v" "C:/Users/zhiyi/Documents/alchitry/ObstacleGame/work/verilog/game_CU_11.v" "C:/Users/zhiyi/Documents/alchitry/ObstacleGame/work/verilog/counter_12.v" "C:/Users/zhiyi/Documents/alchitry/ObstacleGame/work/verilog/counter_13.v" "C:/Users/zhiyi/Documents/alchitry/ObstacleGame/work/verilog/seven_seg_14.v" "C:/Users/zhiyi/Documents/alchitry/ObstacleGame/work/verilog/decoder_15.v" "C:/Users/zhiyi/Documents/alchitry/ObstacleGame/work/verilog/adder_16.v" "C:/Users/zhiyi/Documents/alchitry/ObstacleGame/work/verilog/boolean_17.v" "C:/Users/zhiyi/Documents/alchitry/ObstacleGame/work/verilog/shifter_18.v" "C:/Users/zhiyi/Documents/alchitry/ObstacleGame/work/verilog/compare_19.v" "C:/Users/zhiyi/Documents/alchitry/ObstacleGame/work/verilog/mapROM_20.v" ]
# import_files -fileset [get_filesets sources_1] -force -norecurse $verilogSources
# set xdcSources [list "C:/Users/zhiyi/Documents/alchitry/ObstacleGame/work/constraint/alchitry.xdc" "C:/Program\ Files/Alchitry/Alchitry\ Labs/library/components/au.xdc" "C:/Users/zhiyi/Documents/alchitry/ObstacleGame/work/constraint/custom.xdc" ]
# read_xdc $xdcSources
# set_property STEPS.WRITE_BITSTREAM.ARGS.BIN_FILE true [get_runs impl_1]
# update_compile_order -fileset sources_1
# launch_runs -runs synth_1 -jobs 8

[Fri Dec  4 10:56:51 2020] Launched synth_1...
Run output will be captured here: C:/Users/zhiyi/Documents/alchitry/ObstacleGame/work/vivado/GameMap/GameMap.runs/synth_1/runme.log
# wait_on_run synth_1
[Fri Dec  4 10:56:51 2020] Waiting for synth_1 to finish...

*** Running vivado
    with args -log au_top_0.vds -m64 -product Vivado -mode batch -messageDb vivado.pb -notrace -source au_top_0.tcl



****** Vivado v2020.1 (64-bit)
  **** SW Build 2902540 on Wed May 27 19:54:49 MDT 2020
  **** IP Build 2902112 on Wed May 27 22:43:36 MDT 2020
    ** Copyright 1986-2020 Xilinx, Inc. All Rights Reserved.

source au_top_0.tcl -notrace
Command: synth_design -top au_top_0 -part xc7a35tftg256-1
Starting synth_design
Attempting to get a license for feature 'Synthesis' and/or device 'xc7a35t'
INFO: [Common 17-349] Got license for feature 'Synthesis' and/or device 'xc7a35t'
INFO: [Device 21-403] Loading part xc7a35tftg256-1
INFO: [Synth 8-7079] Multithreading enabled for synth_design using a maximum of 2 processes.
INFO: [Synth 8-7078] Launching helper process for spawning children vivado processes
INFO: [Synth 8-7075] Helper process launched with PID 22140
---------------------------------------------------------------------------------
Starting RTL Elaboration : Time (s): cpu = 00:00:05 ; elapsed = 00:00:06 . Memory (MB): peak = 1013.129 ; gain = 0.000
---------------------------------------------------------------------------------
INFO: [Synth 8-6157] synthesizing module 'au_top_0' [C:/Users/zhiyi/Documents/alchitry/ObstacleGame/work/vivado/GameMap/GameMap.srcs/sources_1/imports/verilog/au_top_0.v:7]
INFO: [Synth 8-6157] synthesizing module 'reset_conditioner_1' [C:/Users/zhiyi/Documents/alchitry/ObstacleGame/work/vivado/GameMap/GameMap.srcs/sources_1/imports/verilog/reset_conditioner_1.v:11]
	Parameter STAGES bound to: 3'b100 
INFO: [Synth 8-6155] done synthesizing module 'reset_conditioner_1' (1#1) [C:/Users/zhiyi/Documents/alchitry/ObstacleGame/work/vivado/GameMap/GameMap.srcs/sources_1/imports/verilog/reset_conditioner_1.v:11]
INFO: [Synth 8-6157] synthesizing module 'edge_detector_2' [C:/Users/zhiyi/Documents/alchitry/ObstacleGame/work/vivado/GameMap/GameMap.srcs/sources_1/imports/verilog/edge_detector_2.v:12]
	Parameter RISE bound to: 1'b1 
	Parameter FALL bound to: 1'b0 
INFO: [Synth 8-6155] done synthesizing module 'edge_detector_2' (2#1) [C:/Users/zhiyi/Documents/alchitry/ObstacleGame/work/vivado/GameMap/GameMap.srcs/sources_1/imports/verilog/edge_detector_2.v:12]
INFO: [Synth 8-6157] synthesizing module 'button_conditioner_3' [C:/Users/zhiyi/Documents/alchitry/ObstacleGame/work/vivado/GameMap/GameMap.srcs/sources_1/imports/verilog/button_conditioner_3.v:13]
	Parameter CLK_FREQ bound to: 26'b10111110101111000010000000 
	Parameter MIN_DELAY bound to: 5'b10100 
	Parameter NUM_SYNC bound to: 2'b10 
INFO: [Synth 8-6157] synthesizing module 'pipeline_9' [C:/Users/zhiyi/Documents/alchitry/ObstacleGame/work/vivado/GameMap/GameMap.srcs/sources_1/imports/verilog/pipeline_9.v:11]
	Parameter DEPTH bound to: 2'b10 
INFO: [Synth 8-6155] done synthesizing module 'pipeline_9' (3#1) [C:/Users/zhiyi/Documents/alchitry/ObstacleGame/work/vivado/GameMap/GameMap.srcs/sources_1/imports/verilog/pipeline_9.v:11]
INFO: [Synth 8-6155] done synthesizing module 'button_conditioner_3' (4#1) [C:/Users/zhiyi/Documents/alchitry/ObstacleGame/work/vivado/GameMap/GameMap.srcs/sources_1/imports/verilog/button_conditioner_3.v:13]
INFO: [Synth 8-6157] synthesizing module 'beta_4' [C:/Users/zhiyi/Documents/alchitry/ObstacleGame/work/vivado/GameMap/GameMap.srcs/sources_1/imports/verilog/beta_4.v:7]
INFO: [Synth 8-6157] synthesizing module 'alu_10' [C:/Users/zhiyi/Documents/alchitry/ObstacleGame/work/vivado/GameMap/GameMap.srcs/sources_1/imports/verilog/alu_10.v:7]
INFO: [Synth 8-6157] synthesizing module 'adder_16' [C:/Users/zhiyi/Documents/alchitry/ObstacleGame/work/vivado/GameMap/GameMap.srcs/sources_1/imports/verilog/adder_16.v:7]
INFO: [Synth 8-226] default block is never used [C:/Users/zhiyi/Documents/alchitry/ObstacleGame/work/vivado/GameMap/GameMap.srcs/sources_1/imports/verilog/adder_16.v:24]
INFO: [Synth 8-6155] done synthesizing module 'adder_16' (5#1) [C:/Users/zhiyi/Documents/alchitry/ObstacleGame/work/vivado/GameMap/GameMap.srcs/sources_1/imports/verilog/adder_16.v:7]
INFO: [Synth 8-6157] synthesizing module 'boolean_17' [C:/Users/zhiyi/Documents/alchitry/ObstacleGame/work/vivado/GameMap/GameMap.srcs/sources_1/imports/verilog/boolean_17.v:7]
INFO: [Synth 8-6155] done synthesizing module 'boolean_17' (6#1) [C:/Users/zhiyi/Documents/alchitry/ObstacleGame/work/vivado/GameMap/GameMap.srcs/sources_1/imports/verilog/boolean_17.v:7]
INFO: [Synth 8-6157] synthesizing module 'shifter_18' [C:/Users/zhiyi/Documents/alchitry/ObstacleGame/work/vivado/GameMap/GameMap.srcs/sources_1/imports/verilog/shifter_18.v:7]
INFO: [Synth 8-6155] done synthesizing module 'shifter_18' (7#1) [C:/Users/zhiyi/Documents/alchitry/ObstacleGame/work/vivado/GameMap/GameMap.srcs/sources_1/imports/verilog/shifter_18.v:7]
INFO: [Synth 8-6157] synthesizing module 'compare_19' [C:/Users/zhiyi/Documents/alchitry/ObstacleGame/work/vivado/GameMap/GameMap.srcs/sources_1/imports/verilog/compare_19.v:7]
INFO: [Synth 8-6155] done synthesizing module 'compare_19' (8#1) [C:/Users/zhiyi/Documents/alchitry/ObstacleGame/work/vivado/GameMap/GameMap.srcs/sources_1/imports/verilog/compare_19.v:7]
INFO: [Synth 8-226] default block is never used [C:/Users/zhiyi/Documents/alchitry/ObstacleGame/work/vivado/GameMap/GameMap.srcs/sources_1/imports/verilog/alu_10.v:96]
INFO: [Synth 8-6155] done synthesizing module 'alu_10' (9#1) [C:/Users/zhiyi/Documents/alchitry/ObstacleGame/work/vivado/GameMap/GameMap.srcs/sources_1/imports/verilog/alu_10.v:7]
INFO: [Synth 8-6157] synthesizing module 'game_CU_11' [C:/Users/zhiyi/Documents/alchitry/ObstacleGame/work/vivado/GameMap/GameMap.srcs/sources_1/imports/verilog/game_CU_11.v:7]
	Parameter START_game_fsm bound to: 6'b000000 
	Parameter SET_SCORE_game_fsm bound to: 6'b000001 
	Parameter CHECK_LEVEL_game_fsm bound to: 6'b000010 
	Parameter INITIALISE_PLAYER_POSITION_game_fsm bound to: 6'b000011 
	Parameter INITIALISE_MAP_COL_0_game_fsm bound to: 6'b000100 
	Parameter INITIALISE_MAP_COL_1_game_fsm bound to: 6'b000101 
	Parameter INITIALISE_MAP_COL_2_game_fsm bound to: 6'b000110 
	Parameter INITIALISE_MAP_COL_3_game_fsm bound to: 6'b000111 
	Parameter INITIALISE_MAP_COL_4_game_fsm bound to: 6'b001000 
	Parameter INITIALISE_MAP_COL_5_game_fsm bound to: 6'b001001 
	Parameter LEVEL1_game_fsm bound to: 6'b001010 
	Parameter LEVEL2_game_fsm bound to: 6'b001011 
	Parameter LEVEL3_game_fsm bound to: 6'b001100 
	Parameter LEVEL4_game_fsm bound to: 6'b001101 
	Parameter LEVEL5_game_fsm bound to: 6'b001110 
	Parameter IDLE_game_fsm bound to: 6'b001111 
	Parameter CHECK_LEFT_BOUNDARY_game_fsm bound to: 6'b010000 
	Parameter BRANCH_LEFT_game_fsm bound to: 6'b010001 
	Parameter SHIFT_PLAYER_LEFT_game_fsm bound to: 6'b010010 
	Parameter CHECK_RIGHT_BOUNDARY_game_fsm bound to: 6'b010011 
	Parameter BRANCH_RIGHT_game_fsm bound to: 6'b010100 
	Parameter SHIFT_PLAYER_RIGHT_game_fsm bound to: 6'b010101 
	Parameter SHIFT_COL_0_game_fsm bound to: 6'b010110 
	Parameter SHIFT_COL_1_game_fsm bound to: 6'b010111 
	Parameter SHIFT_COL_2_game_fsm bound to: 6'b011000 
	Parameter SHIFT_COL_3_game_fsm bound to: 6'b011001 
	Parameter SHIFT_COL_4_game_fsm bound to: 6'b011010 
	Parameter SHIFT_COL_5_game_fsm bound to: 6'b011011 
	Parameter SHIFT_COLS_game_fsm bound to: 6'b011100 
	Parameter GET_PLAYER_POS_game_fsm bound to: 6'b011101 
	Parameter CHECK_PLAYER_POS_game_fsm bound to: 6'b011110 
	Parameter CHECK_REMAINING_MAP_LENGTH_game_fsm bound to: 6'b011111 
	Parameter BRANCH_MAPLENGTH_game_fsm bound to: 6'b100000 
	Parameter INCREASE_SCORE_game_fsm bound to: 6'b100001 
	Parameter CHECK_SCORE_game_fsm bound to: 6'b100010 
	Parameter BRANCH_SCORE_game_fsm bound to: 6'b100011 
	Parameter GAME_OVER_game_fsm bound to: 6'b100100 
INFO: [Synth 8-6157] synthesizing module 'mapROM_20' [C:/Users/zhiyi/Documents/alchitry/ObstacleGame/work/vivado/GameMap/GameMap.srcs/sources_1/imports/verilog/mapROM_20.v:7]
	Parameter MAPS bound to: 480'b000001000101000100000101000101010001000001000001000100010000000100000100010101000000010100010100000100010100000100000101000001000000000001010001000101000001010000000001000000010000010001010100000001010001010000010001000101010001010001000001000001000101010100000101010001000001000100000101000001010001010100000001000101010001010101000100000101000101010100010001010100010001010101000101000101010101010100010001010101000001010101000101000001000100010100000101010100010001010100010101 
INFO: [Synth 8-6155] done synthesizing module 'mapROM_20' (10#1) [C:/Users/zhiyi/Documents/alchitry/ObstacleGame/work/vivado/GameMap/GameMap.srcs/sources_1/imports/verilog/mapROM_20.v:7]
INFO: [Synth 8-155] case statement is not full and has no default [C:/Users/zhiyi/Documents/alchitry/ObstacleGame/work/vivado/GameMap/GameMap.srcs/sources_1/imports/verilog/game_CU_11.v:129]
INFO: [Synth 8-6155] done synthesizing module 'game_CU_11' (11#1) [C:/Users/zhiyi/Documents/alchitry/ObstacleGame/work/vivado/GameMap/GameMap.srcs/sources_1/imports/verilog/game_CU_11.v:7]
INFO: [Synth 8-6157] synthesizing module 'counter_12' [C:/Users/zhiyi/Documents/alchitry/ObstacleGame/work/vivado/GameMap/GameMap.srcs/sources_1/imports/verilog/counter_12.v:14]
	Parameter SIZE bound to: 1'b1 
	Parameter DIV bound to: 5'b11010 
	Parameter TOP bound to: 1'b0 
	Parameter UP bound to: 1'b1 
	Parameter MAX_VALUE bound to: 27'b011111111111111111111111111 
INFO: [Synth 8-6155] done synthesizing module 'counter_12' (12#1) [C:/Users/zhiyi/Documents/alchitry/ObstacleGame/work/vivado/GameMap/GameMap.srcs/sources_1/imports/verilog/counter_12.v:14]
INFO: [Synth 8-6155] done synthesizing module 'beta_4' (13#1) [C:/Users/zhiyi/Documents/alchitry/ObstacleGame/work/vivado/GameMap/GameMap.srcs/sources_1/imports/verilog/beta_4.v:7]
INFO: [Synth 8-6157] synthesizing module 'multi_seven_seg_5' [C:/Users/zhiyi/Documents/alchitry/ObstacleGame/work/vivado/GameMap/GameMap.srcs/sources_1/imports/verilog/multi_seven_seg_5.v:12]
	Parameter DIGITS bound to: 2'b10 
	Parameter DIV bound to: 5'b10000 
	Parameter DIGIT_BITS bound to: 1'b1 
INFO: [Synth 8-6157] synthesizing module 'counter_13' [C:/Users/zhiyi/Documents/alchitry/ObstacleGame/work/vivado/GameMap/GameMap.srcs/sources_1/imports/verilog/counter_13.v:14]
	Parameter SIZE bound to: 1'b1 
	Parameter DIV bound to: 5'b10000 
	Parameter TOP bound to: 3'b001 
	Parameter UP bound to: 1'b1 
	Parameter MAX_VALUE bound to: 19'b0011111111111111111 
INFO: [Synth 8-6155] done synthesizing module 'counter_13' (14#1) [C:/Users/zhiyi/Documents/alchitry/ObstacleGame/work/vivado/GameMap/GameMap.srcs/sources_1/imports/verilog/counter_13.v:14]
INFO: [Synth 8-6157] synthesizing module 'seven_seg_14' [C:/Users/zhiyi/Documents/alchitry/ObstacleGame/work/vivado/GameMap/GameMap.srcs/sources_1/imports/verilog/seven_seg_14.v:7]
INFO: [Synth 8-6155] done synthesizing module 'seven_seg_14' (15#1) [C:/Users/zhiyi/Documents/alchitry/ObstacleGame/work/vivado/GameMap/GameMap.srcs/sources_1/imports/verilog/seven_seg_14.v:7]
INFO: [Synth 8-6157] synthesizing module 'decoder_15' [C:/Users/zhiyi/Documents/alchitry/ObstacleGame/work/vivado/GameMap/GameMap.srcs/sources_1/imports/verilog/decoder_15.v:11]
	Parameter WIDTH bound to: 1'b1 
INFO: [Synth 8-6155] done synthesizing module 'decoder_15' (16#1) [C:/Users/zhiyi/Documents/alchitry/ObstacleGame/work/vivado/GameMap/GameMap.srcs/sources_1/imports/verilog/decoder_15.v:11]
INFO: [Synth 8-6155] done synthesizing module 'multi_seven_seg_5' (17#1) [C:/Users/zhiyi/Documents/alchitry/ObstacleGame/work/vivado/GameMap/GameMap.srcs/sources_1/imports/verilog/multi_seven_seg_5.v:12]
INFO: [Synth 8-6157] synthesizing module 'mapLED_6' [C:/Users/zhiyi/Documents/alchitry/ObstacleGame/work/vivado/GameMap/GameMap.srcs/sources_1/imports/verilog/mapLED_6.v:7]
	Parameter B bound to: 24'b111111110000000000000000 
	Parameter BLANK bound to: 24'b000000000000000000000000 
INFO: [Synth 8-226] default block is never used [C:/Users/zhiyi/Documents/alchitry/ObstacleGame/work/vivado/GameMap/GameMap.srcs/sources_1/imports/verilog/mapLED_6.v:44]
INFO: [Synth 8-226] default block is never used [C:/Users/zhiyi/Documents/alchitry/ObstacleGame/work/vivado/GameMap/GameMap.srcs/sources_1/imports/verilog/mapLED_6.v:56]
INFO: [Synth 8-226] default block is never used [C:/Users/zhiyi/Documents/alchitry/ObstacleGame/work/vivado/GameMap/GameMap.srcs/sources_1/imports/verilog/mapLED_6.v:68]
INFO: [Synth 8-226] default block is never used [C:/Users/zhiyi/Documents/alchitry/ObstacleGame/work/vivado/GameMap/GameMap.srcs/sources_1/imports/verilog/mapLED_6.v:80]
INFO: [Synth 8-226] default block is never used [C:/Users/zhiyi/Documents/alchitry/ObstacleGame/work/vivado/GameMap/GameMap.srcs/sources_1/imports/verilog/mapLED_6.v:92]
INFO: [Synth 8-226] default block is never used [C:/Users/zhiyi/Documents/alchitry/ObstacleGame/work/vivado/GameMap/GameMap.srcs/sources_1/imports/verilog/mapLED_6.v:104]
INFO: [Synth 8-226] default block is never used [C:/Users/zhiyi/Documents/alchitry/ObstacleGame/work/vivado/GameMap/GameMap.srcs/sources_1/imports/verilog/mapLED_6.v:116]
INFO: [Synth 8-226] default block is never used [C:/Users/zhiyi/Documents/alchitry/ObstacleGame/work/vivado/GameMap/GameMap.srcs/sources_1/imports/verilog/mapLED_6.v:128]
INFO: [Synth 8-226] default block is never used [C:/Users/zhiyi/Documents/alchitry/ObstacleGame/work/vivado/GameMap/GameMap.srcs/sources_1/imports/verilog/mapLED_6.v:140]
INFO: [Synth 8-226] default block is never used [C:/Users/zhiyi/Documents/alchitry/ObstacleGame/work/vivado/GameMap/GameMap.srcs/sources_1/imports/verilog/mapLED_6.v:152]
INFO: [Synth 8-226] default block is never used [C:/Users/zhiyi/Documents/alchitry/ObstacleGame/work/vivado/GameMap/GameMap.srcs/sources_1/imports/verilog/mapLED_6.v:164]
INFO: [Synth 8-226] default block is never used [C:/Users/zhiyi/Documents/alchitry/ObstacleGame/work/vivado/GameMap/GameMap.srcs/sources_1/imports/verilog/mapLED_6.v:176]
INFO: [Synth 8-226] default block is never used [C:/Users/zhiyi/Documents/alchitry/ObstacleGame/work/vivado/GameMap/GameMap.srcs/sources_1/imports/verilog/mapLED_6.v:188]
INFO: [Synth 8-226] default block is never used [C:/Users/zhiyi/Documents/alchitry/ObstacleGame/work/vivado/GameMap/GameMap.srcs/sources_1/imports/verilog/mapLED_6.v:200]
INFO: [Synth 8-226] default block is never used [C:/Users/zhiyi/Documents/alchitry/ObstacleGame/work/vivado/GameMap/GameMap.srcs/sources_1/imports/verilog/mapLED_6.v:212]
INFO: [Synth 8-226] default block is never used [C:/Users/zhiyi/Documents/alchitry/ObstacleGame/work/vivado/GameMap/GameMap.srcs/sources_1/imports/verilog/mapLED_6.v:224]
INFO: [Synth 8-226] default block is never used [C:/Users/zhiyi/Documents/alchitry/ObstacleGame/work/vivado/GameMap/GameMap.srcs/sources_1/imports/verilog/mapLED_6.v:236]
INFO: [Synth 8-226] default block is never used [C:/Users/zhiyi/Documents/alchitry/ObstacleGame/work/vivado/GameMap/GameMap.srcs/sources_1/imports/verilog/mapLED_6.v:248]
INFO: [Synth 8-226] default block is never used [C:/Users/zhiyi/Documents/alchitry/ObstacleGame/work/vivado/GameMap/GameMap.srcs/sources_1/imports/verilog/mapLED_6.v:260]
INFO: [Synth 8-226] default block is never used [C:/Users/zhiyi/Documents/alchitry/ObstacleGame/work/vivado/GameMap/GameMap.srcs/sources_1/imports/verilog/mapLED_6.v:272]
INFO: [Synth 8-226] default block is never used [C:/Users/zhiyi/Documents/alchitry/ObstacleGame/work/vivado/GameMap/GameMap.srcs/sources_1/imports/verilog/mapLED_6.v:284]
INFO: [Synth 8-226] default block is never used [C:/Users/zhiyi/Documents/alchitry/ObstacleGame/work/vivado/GameMap/GameMap.srcs/sources_1/imports/verilog/mapLED_6.v:296]
INFO: [Synth 8-226] default block is never used [C:/Users/zhiyi/Documents/alchitry/ObstacleGame/work/vivado/GameMap/GameMap.srcs/sources_1/imports/verilog/mapLED_6.v:308]
INFO: [Synth 8-226] default block is never used [C:/Users/zhiyi/Documents/alchitry/ObstacleGame/work/vivado/GameMap/GameMap.srcs/sources_1/imports/verilog/mapLED_6.v:320]
INFO: [Synth 8-226] default block is never used [C:/Users/zhiyi/Documents/alchitry/ObstacleGame/work/vivado/GameMap/GameMap.srcs/sources_1/imports/verilog/mapLED_6.v:332]
INFO: [Synth 8-226] default block is never used [C:/Users/zhiyi/Documents/alchitry/ObstacleGame/work/vivado/GameMap/GameMap.srcs/sources_1/imports/verilog/mapLED_6.v:344]
INFO: [Synth 8-226] default block is never used [C:/Users/zhiyi/Documents/alchitry/ObstacleGame/work/vivado/GameMap/GameMap.srcs/sources_1/imports/verilog/mapLED_6.v:356]
INFO: [Synth 8-226] default block is never used [C:/Users/zhiyi/Documents/alchitry/ObstacleGame/work/vivado/GameMap/GameMap.srcs/sources_1/imports/verilog/mapLED_6.v:368]
INFO: [Synth 8-226] default block is never used [C:/Users/zhiyi/Documents/alchitry/ObstacleGame/work/vivado/GameMap/GameMap.srcs/sources_1/imports/verilog/mapLED_6.v:380]
INFO: [Synth 8-226] default block is never used [C:/Users/zhiyi/Documents/alchitry/ObstacleGame/work/vivado/GameMap/GameMap.srcs/sources_1/imports/verilog/mapLED_6.v:392]
INFO: [Synth 8-226] default block is never used [C:/Users/zhiyi/Documents/alchitry/ObstacleGame/work/vivado/GameMap/GameMap.srcs/sources_1/imports/verilog/mapLED_6.v:404]
INFO: [Synth 8-226] default block is never used [C:/Users/zhiyi/Documents/alchitry/ObstacleGame/work/vivado/GameMap/GameMap.srcs/sources_1/imports/verilog/mapLED_6.v:416]
INFO: [Synth 8-226] default block is never used [C:/Users/zhiyi/Documents/alchitry/ObstacleGame/work/vivado/GameMap/GameMap.srcs/sources_1/imports/verilog/mapLED_6.v:428]
INFO: [Synth 8-226] default block is never used [C:/Users/zhiyi/Documents/alchitry/ObstacleGame/work/vivado/GameMap/GameMap.srcs/sources_1/imports/verilog/mapLED_6.v:440]
INFO: [Synth 8-226] default block is never used [C:/Users/zhiyi/Documents/alchitry/ObstacleGame/work/vivado/GameMap/GameMap.srcs/sources_1/imports/verilog/mapLED_6.v:452]
INFO: [Synth 8-226] default block is never used [C:/Users/zhiyi/Documents/alchitry/ObstacleGame/work/vivado/GameMap/GameMap.srcs/sources_1/imports/verilog/mapLED_6.v:464]
INFO: [Synth 8-226] default block is never used [C:/Users/zhiyi/Documents/alchitry/ObstacleGame/work/vivado/GameMap/GameMap.srcs/sources_1/imports/verilog/mapLED_6.v:476]
INFO: [Synth 8-226] default block is never used [C:/Users/zhiyi/Documents/alchitry/ObstacleGame/work/vivado/GameMap/GameMap.srcs/sources_1/imports/verilog/mapLED_6.v:488]
INFO: [Synth 8-226] default block is never used [C:/Users/zhiyi/Documents/alchitry/ObstacleGame/work/vivado/GameMap/GameMap.srcs/sources_1/imports/verilog/mapLED_6.v:500]
INFO: [Synth 8-226] default block is never used [C:/Users/zhiyi/Documents/alchitry/ObstacleGame/work/vivado/GameMap/GameMap.srcs/sources_1/imports/verilog/mapLED_6.v:512]
INFO: [Synth 8-226] default block is never used [C:/Users/zhiyi/Documents/alchitry/ObstacleGame/work/vivado/GameMap/GameMap.srcs/sources_1/imports/verilog/mapLED_6.v:524]
INFO: [Synth 8-226] default block is never used [C:/Users/zhiyi/Documents/alchitry/ObstacleGame/work/vivado/GameMap/GameMap.srcs/sources_1/imports/verilog/mapLED_6.v:536]
INFO: [Synth 8-6155] done synthesizing module 'mapLED_6' (18#1) [C:/Users/zhiyi/Documents/alchitry/ObstacleGame/work/vivado/GameMap/GameMap.srcs/sources_1/imports/verilog/mapLED_6.v:7]
INFO: [Synth 8-6157] synthesizing module 'playerLED_7' [C:/Users/zhiyi/Documents/alchitry/ObstacleGame/work/vivado/GameMap/GameMap.srcs/sources_1/imports/verilog/playerLED_7.v:7]
	Parameter B bound to: 24'b111111110000000000000000 
	Parameter BLANK bound to: 24'b000000000000000000000000 
INFO: [Synth 8-226] default block is never used [C:/Users/zhiyi/Documents/alchitry/ObstacleGame/work/vivado/GameMap/GameMap.srcs/sources_1/imports/verilog/playerLED_7.v:34]
INFO: [Synth 8-226] default block is never used [C:/Users/zhiyi/Documents/alchitry/ObstacleGame/work/vivado/GameMap/GameMap.srcs/sources_1/imports/verilog/playerLED_7.v:46]
INFO: [Synth 8-226] default block is never used [C:/Users/zhiyi/Documents/alchitry/ObstacleGame/work/vivado/GameMap/GameMap.srcs/sources_1/imports/verilog/playerLED_7.v:58]
INFO: [Synth 8-226] default block is never used [C:/Users/zhiyi/Documents/alchitry/ObstacleGame/work/vivado/GameMap/GameMap.srcs/sources_1/imports/verilog/playerLED_7.v:70]
INFO: [Synth 8-226] default block is never used [C:/Users/zhiyi/Documents/alchitry/ObstacleGame/work/vivado/GameMap/GameMap.srcs/sources_1/imports/verilog/playerLED_7.v:82]
INFO: [Synth 8-226] default block is never used [C:/Users/zhiyi/Documents/alchitry/ObstacleGame/work/vivado/GameMap/GameMap.srcs/sources_1/imports/verilog/playerLED_7.v:94]
INFO: [Synth 8-6155] done synthesizing module 'playerLED_7' (19#1) [C:/Users/zhiyi/Documents/alchitry/ObstacleGame/work/vivado/GameMap/GameMap.srcs/sources_1/imports/verilog/playerLED_7.v:7]
INFO: [Synth 8-6157] synthesizing module 'ws2812b_writer_8' [C:/Users/zhiyi/Documents/alchitry/ObstacleGame/work/vivado/GameMap/GameMap.srcs/sources_1/imports/verilog/ws2812b_writer_8.v:11]
	Parameter PIXEL_COUNT bound to: 3'b111 
	Parameter SEND_PIXEL_state bound to: 1'b0 
	Parameter RESET_state bound to: 1'b1 
INFO: [Synth 8-6155] done synthesizing module 'ws2812b_writer_8' (20#1) [C:/Users/zhiyi/Documents/alchitry/ObstacleGame/work/vivado/GameMap/GameMap.srcs/sources_1/imports/verilog/ws2812b_writer_8.v:11]
INFO: [Synth 8-6155] done synthesizing module 'au_top_0' (21#1) [C:/Users/zhiyi/Documents/alchitry/ObstacleGame/work/vivado/GameMap/GameMap.srcs/sources_1/imports/verilog/au_top_0.v:7]
---------------------------------------------------------------------------------
Finished RTL Elaboration : Time (s): cpu = 00:00:07 ; elapsed = 00:00:07 . Memory (MB): peak = 1013.129 ; gain = 0.000
---------------------------------------------------------------------------------
---------------------------------------------------------------------------------
Start Handling Custom Attributes
---------------------------------------------------------------------------------
---------------------------------------------------------------------------------
Finished Handling Custom Attributes : Time (s): cpu = 00:00:07 ; elapsed = 00:00:08 . Memory (MB): peak = 1013.129 ; gain = 0.000
---------------------------------------------------------------------------------
---------------------------------------------------------------------------------
Finished RTL Optimization Phase 1 : Time (s): cpu = 00:00:07 ; elapsed = 00:00:08 . Memory (MB): peak = 1013.129 ; gain = 0.000
---------------------------------------------------------------------------------
Netlist sorting complete. Time (s): cpu = 00:00:00 ; elapsed = 00:00:00.096 . Memory (MB): peak = 1013.129 ; gain = 0.000
INFO: [Project 1-570] Preparing netlist for logic optimization

Processing XDC Constraints
Initializing timing engine
Parsing XDC File [C:/Users/zhiyi/Documents/alchitry/ObstacleGame/work/constraint/alchitry.xdc]
Finished Parsing XDC File [C:/Users/zhiyi/Documents/alchitry/ObstacleGame/work/constraint/alchitry.xdc]
INFO: [Project 1-236] Implementation specific constraints were found while reading constraint file [C:/Users/zhiyi/Documents/alchitry/ObstacleGame/work/constraint/alchitry.xdc]. These constraints will be ignored for synthesis but will be used in implementation. Impacted constraints are listed in the file [.Xil/au_top_0_propImpl.xdc].
Resolution: To avoid this warning, move constraints listed in [.Xil/au_top_0_propImpl.xdc] to another XDC file and exclude this new file from synthesis with the used_in_synthesis property (File Properties dialog in GUI) and re-run elaboration/synthesis.
Parsing XDC File [C:/Program Files/Alchitry/Alchitry Labs/library/components/au.xdc]
Finished Parsing XDC File [C:/Program Files/Alchitry/Alchitry Labs/library/components/au.xdc]
Parsing XDC File [C:/Users/zhiyi/Documents/alchitry/ObstacleGame/work/constraint/custom.xdc]
WARNING: [Constraints 18-619] A clock with name 'clk_0' already exists, overwriting the previous clock with the same name. [C:/Users/zhiyi/Documents/alchitry/ObstacleGame/work/constraint/custom.xdc:2]
Finished Parsing XDC File [C:/Users/zhiyi/Documents/alchitry/ObstacleGame/work/constraint/custom.xdc]
INFO: [Project 1-236] Implementation specific constraints were found while reading constraint file [C:/Users/zhiyi/Documents/alchitry/ObstacleGame/work/constraint/custom.xdc]. These constraints will be ignored for synthesis but will be used in implementation. Impacted constraints are listed in the file [.Xil/au_top_0_propImpl.xdc].
Resolution: To avoid this warning, move constraints listed in [.Xil/au_top_0_propImpl.xdc] to another XDC file and exclude this new file from synthesis with the used_in_synthesis property (File Properties dialog in GUI) and re-run elaboration/synthesis.
Completed Processing XDC Constraints

Netlist sorting complete. Time (s): cpu = 00:00:00 ; elapsed = 00:00:00.003 . Memory (MB): peak = 1013.129 ; gain = 0.000
INFO: [Project 1-111] Unisim Transformation Summary:
No Unisim elements were transformed.

Constraint Validation Runtime : Time (s): cpu = 00:00:00 ; elapsed = 00:00:00.026 . Memory (MB): peak = 1013.129 ; gain = 0.000
---------------------------------------------------------------------------------
Finished Constraint Validation : Time (s): cpu = 00:00:17 ; elapsed = 00:00:18 . Memory (MB): peak = 1013.129 ; gain = 0.000
---------------------------------------------------------------------------------
---------------------------------------------------------------------------------
Start Loading Part and Timing Information
---------------------------------------------------------------------------------
Loading part: xc7a35tftg256-1
---------------------------------------------------------------------------------
Finished Loading Part and Timing Information : Time (s): cpu = 00:00:17 ; elapsed = 00:00:18 . Memory (MB): peak = 1013.129 ; gain = 0.000
---------------------------------------------------------------------------------
---------------------------------------------------------------------------------
Start Applying 'set_property' XDC Constraints
---------------------------------------------------------------------------------
---------------------------------------------------------------------------------
Finished applying 'set_property' XDC Constraints : Time (s): cpu = 00:00:17 ; elapsed = 00:00:18 . Memory (MB): peak = 1013.129 ; gain = 0.000
---------------------------------------------------------------------------------
INFO: [Synth 8-802] inferred FSM for state register 'M_game_fsm_q_reg' in module 'game_CU_11'
---------------------------------------------------------------------------------------------------
                   State |                     New Encoding |                Previous Encoding 
---------------------------------------------------------------------------------------------------
          START_game_fsm |     0000000000000000000000000001 |                           000000
      SET_SCORE_game_fsm |     0000000000000000000000000010 |                           000001
INITIALISE_PLAYER_POSITION_game_fsm |     0000000000000000000000000100 |                           000011
    CHECK_LEVEL_game_fsm |     0000000000000000000000001000 |                           000010
         LEVEL1_game_fsm |     0000000000000000000000010000 |                           001010
         LEVEL2_game_fsm |     0000000000000000000000100000 |                           001011
         LEVEL3_game_fsm |     0000000000000000000001000000 |                           001100
         LEVEL4_game_fsm |     0000000000000000000010000000 |                           001101
         LEVEL5_game_fsm |     0000000000000000000100000000 |                           001110
           IDLE_game_fsm |     0000000000000000001000000000 |                           001111
    SHIFT_COL_0_game_fsm |     0000000000000000010000000000 |                           010110
    SHIFT_COL_1_game_fsm |     0000000000000000100000000000 |                           010111
    SHIFT_COL_2_game_fsm |     0000000000000001000000000000 |                           011000
    SHIFT_COL_3_game_fsm |     0000000000000010000000000000 |                           011001
    SHIFT_COL_4_game_fsm |     0000000000000100000000000000 |                           011010
    SHIFT_COL_5_game_fsm |     0000000000001000000000000000 |                           011011
     SHIFT_COLS_game_fsm |     0000000000010000000000000000 |                           011100
CHECK_PLAYER_POS_game_fsm |     0000000000100000000000000000 |                           011110
CHECK_REMAINING_MAP_LENGTH_game_fsm |     0000000001000000000000000000 |                           011111
BRANCH_MAPLENGTH_game_fsm |     0000000010000000000000000000 |                           100000
 INCREASE_SCORE_game_fsm |     0000000100000000000000000000 |                           100001
    CHECK_SCORE_game_fsm |     0000001000000000000000000000 |                           100010
   BRANCH_SCORE_game_fsm |     0000010000000000000000000000 |                           100011
      GAME_OVER_game_fsm |     0000100000000000000000000000 |                           100100
CHECK_LEFT_BOUNDARY_game_fsm |     0001000000000000000000000000 |                           010000
SHIFT_PLAYER_LEFT_game_fsm |     0010000000000000000000000000 |                           010010
CHECK_RIGHT_BOUNDARY_game_fsm |     0100000000000000000000000000 |                           010011
SHIFT_PLAYER_RIGHT_game_fsm |     1000000000000000000000000000 |                           010101
---------------------------------------------------------------------------------------------------
INFO: [Synth 8-3354] encoded FSM with state register 'M_game_fsm_q_reg' using encoding 'one-hot' in module 'game_CU_11'
---------------------------------------------------------------------------------
Finished RTL Optimization Phase 2 : Time (s): cpu = 00:00:19 ; elapsed = 00:00:20 . Memory (MB): peak = 1013.129 ; gain = 0.000
---------------------------------------------------------------------------------
---------------------------------------------------------------------------------
Start RTL Component Statistics 
---------------------------------------------------------------------------------
Detailed RTL Component Info : 
+---Adders : 
	   2 Input   17 Bit       Adders := 1     
	   3 Input   16 Bit       Adders := 1     
	   2 Input    7 Bit       Adders := 7     
	   2 Input    5 Bit       Adders := 7     
	   2 Input    3 Bit       Adders := 7     
+---XORs : 
	   2 Input     16 Bit         XORs := 1     
	   2 Input      1 Bit         XORs := 2     
+---Registers : 
	               17 Bit    Registers := 1     
	               16 Bit    Registers := 9     
	                7 Bit    Registers := 7     
	                5 Bit    Registers := 7     
	                4 Bit    Registers := 3     
	                3 Bit    Registers := 8     
	                2 Bit    Registers := 4     
	                1 Bit    Registers := 14    
+---Muxes : 
	  28 Input   28 Bit        Muxes := 1     
	   5 Input   28 Bit        Muxes := 1     
	   2 Input   28 Bit        Muxes := 8     
	   2 Input   17 Bit        Muxes := 1     
	   2 Input   16 Bit        Muxes := 3     
	   4 Input   16 Bit        Muxes := 3     
	  28 Input   16 Bit        Muxes := 8     
	  10 Input    7 Bit        Muxes := 1     
	   2 Input    7 Bit        Muxes := 7     
	  28 Input    6 Bit        Muxes := 1     
	   2 Input    5 Bit        Muxes := 7     
	  28 Input    4 Bit        Muxes := 1     
	   2 Input    4 Bit        Muxes := 1     
	   2 Input    3 Bit        Muxes := 8     
	   4 Input    3 Bit        Muxes := 1     
	   2 Input    1 Bit        Muxes := 108   
	   6 Input    1 Bit        Muxes := 1     
	  28 Input    1 Bit        Muxes := 11    
---------------------------------------------------------------------------------
Finished RTL Component Statistics 
---------------------------------------------------------------------------------
---------------------------------------------------------------------------------
Start Part Resource Summary
---------------------------------------------------------------------------------
Part Resources:
DSPs: 90 (col length:60)
BRAMs: 100 (col length: RAMB18 60 RAMB36 30)
---------------------------------------------------------------------------------
Finished Part Resource Summary
---------------------------------------------------------------------------------
---------------------------------------------------------------------------------
Start Cross Boundary and Area Optimization
---------------------------------------------------------------------------------
---------------------------------------------------------------------------------
Finished Cross Boundary and Area Optimization : Time (s): cpu = 00:00:26 ; elapsed = 00:00:28 . Memory (MB): peak = 1013.129 ; gain = 0.000
---------------------------------------------------------------------------------
---------------------------------------------------------------------------------
Start Applying XDC Timing Constraints
---------------------------------------------------------------------------------
WARNING: [Synth 8-565] redefining clock 'clk_0'
---------------------------------------------------------------------------------
Finished Applying XDC Timing Constraints : Time (s): cpu = 00:00:35 ; elapsed = 00:00:36 . Memory (MB): peak = 1013.129 ; gain = 0.000
---------------------------------------------------------------------------------
---------------------------------------------------------------------------------
Start Timing Optimization
---------------------------------------------------------------------------------
---------------------------------------------------------------------------------
Finished Timing Optimization : Time (s): cpu = 00:00:39 ; elapsed = 00:00:40 . Memory (MB): peak = 1013.129 ; gain = 0.000
---------------------------------------------------------------------------------
---------------------------------------------------------------------------------
Start Technology Mapping
---------------------------------------------------------------------------------
---------------------------------------------------------------------------------
Finished Technology Mapping : Time (s): cpu = 00:00:39 ; elapsed = 00:00:41 . Memory (MB): peak = 1017.641 ; gain = 4.512
---------------------------------------------------------------------------------
---------------------------------------------------------------------------------
Start IO Insertion
---------------------------------------------------------------------------------
---------------------------------------------------------------------------------
Start Flattening Before IO Insertion
---------------------------------------------------------------------------------
---------------------------------------------------------------------------------
Finished Flattening Before IO Insertion
---------------------------------------------------------------------------------
---------------------------------------------------------------------------------
Start Final Netlist Cleanup
---------------------------------------------------------------------------------
---------------------------------------------------------------------------------
Finished Final Netlist Cleanup
---------------------------------------------------------------------------------
---------------------------------------------------------------------------------
Finished IO Insertion : Time (s): cpu = 00:00:44 ; elapsed = 00:00:45 . Memory (MB): peak = 1017.641 ; gain = 4.512
---------------------------------------------------------------------------------
---------------------------------------------------------------------------------
Start Renaming Generated Instances
---------------------------------------------------------------------------------
---------------------------------------------------------------------------------
Finished Renaming Generated Instances : Time (s): cpu = 00:00:44 ; elapsed = 00:00:46 . Memory (MB): peak = 1017.641 ; gain = 4.512
---------------------------------------------------------------------------------
---------------------------------------------------------------------------------
Start Rebuilding User Hierarchy
---------------------------------------------------------------------------------
---------------------------------------------------------------------------------
Finished Rebuilding User Hierarchy : Time (s): cpu = 00:00:44 ; elapsed = 00:00:46 . Memory (MB): peak = 1017.641 ; gain = 4.512
---------------------------------------------------------------------------------
---------------------------------------------------------------------------------
Start Renaming Generated Ports
---------------------------------------------------------------------------------
---------------------------------------------------------------------------------
Finished Renaming Generated Ports : Time (s): cpu = 00:00:44 ; elapsed = 00:00:46 . Memory (MB): peak = 1017.641 ; gain = 4.512
---------------------------------------------------------------------------------
---------------------------------------------------------------------------------
Start Handling Custom Attributes
---------------------------------------------------------------------------------
---------------------------------------------------------------------------------
Finished Handling Custom Attributes : Time (s): cpu = 00:00:44 ; elapsed = 00:00:46 . Memory (MB): peak = 1017.641 ; gain = 4.512
---------------------------------------------------------------------------------
---------------------------------------------------------------------------------
Start Renaming Generated Nets
---------------------------------------------------------------------------------
---------------------------------------------------------------------------------
Finished Renaming Generated Nets : Time (s): cpu = 00:00:44 ; elapsed = 00:00:46 . Memory (MB): peak = 1017.641 ; gain = 4.512
---------------------------------------------------------------------------------
---------------------------------------------------------------------------------
Start Writing Synthesis Report
---------------------------------------------------------------------------------

Report BlackBoxes: 
+-+--------------+----------+
| |BlackBox name |Instances |
+-+--------------+----------+
+-+--------------+----------+

Report Cell Usage: 
+------+-------+------+
|      |Cell   |Count |
+------+-------+------+
|1     |BUFG   |     1|
|2     |CARRY4 |    63|
|3     |LUT1   |    38|
|4     |LUT2   |   118|
|5     |LUT3   |    55|
|6     |LUT4   |   127|
|7     |LUT5   |    80|
|8     |LUT6   |   167|
|9     |FDRE   |   434|
|10    |FDSE   |    72|
|11    |IBUF   |     7|
|12    |OBUF   |    26|
+------+-------+------+
---------------------------------------------------------------------------------
Finished Writing Synthesis Report : Time (s): cpu = 00:00:44 ; elapsed = 00:00:46 . Memory (MB): peak = 1017.641 ; gain = 4.512
---------------------------------------------------------------------------------
Synthesis finished with 0 errors, 0 critical warnings and 1 warnings.
Synthesis Optimization Runtime : Time (s): cpu = 00:00:32 ; elapsed = 00:00:42 . Memory (MB): peak = 1017.641 ; gain = 4.512
Synthesis Optimization Complete : Time (s): cpu = 00:00:44 ; elapsed = 00:00:46 . Memory (MB): peak = 1017.641 ; gain = 4.512
INFO: [Project 1-571] Translating synthesized netlist
Netlist sorting complete. Time (s): cpu = 00:00:00 ; elapsed = 00:00:00.016 . Memory (MB): peak = 1023.383 ; gain = 0.000
INFO: [Netlist 29-17] Analyzing 63 Unisim elements for replacement
INFO: [Netlist 29-28] Unisim Transformation completed in 0 CPU seconds
INFO: [Project 1-570] Preparing netlist for logic optimization
INFO: [Opt 31-138] Pushed 0 inverter(s) to 0 load pin(s).
Netlist sorting complete. Time (s): cpu = 00:00:00 ; elapsed = 00:00:00 . Memory (MB): peak = 1023.383 ; gain = 0.000
INFO: [Project 1-111] Unisim Transformation Summary:
No Unisim elements were transformed.

INFO: [Common 17-83] Releasing license: Synthesis
111 Infos, 2 Warnings, 0 Critical Warnings and 0 Errors encountered.
synth_design completed successfully
synth_design: Time (s): cpu = 00:00:52 ; elapsed = 00:00:59 . Memory (MB): peak = 1023.383 ; gain = 10.254
INFO: [Common 17-1381] The checkpoint 'C:/Users/zhiyi/Documents/alchitry/ObstacleGame/work/vivado/GameMap/GameMap.runs/synth_1/au_top_0.dcp' has been generated.
INFO: [runtcl-4] Executing : report_utilization -file au_top_0_utilization_synth.rpt -pb au_top_0_utilization_synth.pb
INFO: [Common 17-206] Exiting Vivado at Fri Dec  4 10:57:59 2020...
[Fri Dec  4 10:58:01 2020] synth_1 finished
wait_on_run: Time (s): cpu = 00:00:00 ; elapsed = 00:01:11 . Memory (MB): peak = 1013.348 ; gain = 0.000
# launch_runs impl_1 -to_step write_bitstream -jobs 8
[Fri Dec  4 10:58:02 2020] Launched impl_1...
Run output will be captured here: C:/Users/zhiyi/Documents/alchitry/ObstacleGame/work/vivado/GameMap/GameMap.runs/impl_1/runme.log
# wait_on_run impl_1
[Fri Dec  4 10:58:02 2020] Waiting for impl_1 to finish...


*** Running vivado
    with args -log au_top_0.vdi -applog -m64 -product Vivado -messageDb vivado.pb -mode batch -source au_top_0.tcl -notrace



****** Vivado v2020.1 (64-bit)
  **** SW Build 2902540 on Wed May 27 19:54:49 MDT 2020
  **** IP Build 2902112 on Wed May 27 22:43:36 MDT 2020
    ** Copyright 1986-2020 Xilinx, Inc. All Rights Reserved.

source au_top_0.tcl -notrace
Command: link_design -top au_top_0 -part xc7a35tftg256-1
Design is defaulting to srcset: sources_1
Design is defaulting to constrset: constrs_1
INFO: [Device 21-403] Loading part xc7a35tftg256-1
Netlist sorting complete. Time (s): cpu = 00:00:00 ; elapsed = 00:00:00.011 . Memory (MB): peak = 1013.789 ; gain = 0.000
INFO: [Netlist 29-17] Analyzing 63 Unisim elements for replacement
INFO: [Netlist 29-28] Unisim Transformation completed in 0 CPU seconds
INFO: [Project 1-479] Netlist was created with Vivado 2020.1
INFO: [Project 1-570] Preparing netlist for logic optimization
Parsing XDC File [C:/Users/zhiyi/Documents/alchitry/ObstacleGame/work/constraint/alchitry.xdc]
Finished Parsing XDC File [C:/Users/zhiyi/Documents/alchitry/ObstacleGame/work/constraint/alchitry.xdc]
Parsing XDC File [C:/Program Files/Alchitry/Alchitry Labs/library/components/au.xdc]
Finished Parsing XDC File [C:/Program Files/Alchitry/Alchitry Labs/library/components/au.xdc]
Parsing XDC File [C:/Users/zhiyi/Documents/alchitry/ObstacleGame/work/constraint/custom.xdc]
WARNING: [Constraints 18-619] A clock with name 'clk_0' already exists, overwriting the previous clock with the same name. [C:/Users/zhiyi/Documents/alchitry/ObstacleGame/work/constraint/custom.xdc:2]
Finished Parsing XDC File [C:/Users/zhiyi/Documents/alchitry/ObstacleGame/work/constraint/custom.xdc]
INFO: [Opt 31-138] Pushed 0 inverter(s) to 0 load pin(s).
Netlist sorting complete. Time (s): cpu = 00:00:00 ; elapsed = 00:00:00.001 . Memory (MB): peak = 1013.789 ; gain = 0.000
INFO: [Project 1-111] Unisim Transformation Summary:
No Unisim elements were transformed.

7 Infos, 1 Warnings, 0 Critical Warnings and 0 Errors encountered.
link_design completed successfully
link_design: Time (s): cpu = 00:00:07 ; elapsed = 00:00:10 . Memory (MB): peak = 1013.789 ; gain = 0.000
Command: opt_design
Attempting to get a license for feature 'Implementation' and/or device 'xc7a35t'
INFO: [Common 17-349] Got license for feature 'Implementation' and/or device 'xc7a35t'
Running DRC as a precondition to command opt_design

Starting DRC Task
INFO: [DRC 23-27] Running DRC with 2 threads
INFO: [Project 1-461] DRC finished with 0 Errors
INFO: [Project 1-462] Please refer to the DRC report (report_drc) for more information.

Time (s): cpu = 00:00:02 ; elapsed = 00:00:01 . Memory (MB): peak = 1013.789 ; gain = 0.000

Starting Cache Timing Information Task
INFO: [Timing 38-35] Done setting XDC timing constraints.
Ending Cache Timing Information Task | Checksum: fc28cb12

Time (s): cpu = 00:00:11 ; elapsed = 00:00:11 . Memory (MB): peak = 1244.383 ; gain = 230.594

Starting Logic Optimization Task

Phase 1 Retarget
INFO: [Opt 31-138] Pushed 0 inverter(s) to 0 load pin(s).
INFO: [Opt 31-49] Retargeted 0 cell(s).
Phase 1 Retarget | Checksum: 16cec1266

Time (s): cpu = 00:00:00 ; elapsed = 00:00:00.127 . Memory (MB): peak = 1434.184 ; gain = 0.000
INFO: [Opt 31-389] Phase Retarget created 0 cells and removed 1 cells

Phase 2 Constant propagation
INFO: [Opt 31-138] Pushed 0 inverter(s) to 0 load pin(s).
Phase 2 Constant propagation | Checksum: 16cec1266

Time (s): cpu = 00:00:00 ; elapsed = 00:00:00.169 . Memory (MB): peak = 1434.184 ; gain = 0.000
INFO: [Opt 31-389] Phase Constant propagation created 0 cells and removed 0 cells

Phase 3 Sweep
Phase 3 Sweep | Checksum: 18344fa9e

Time (s): cpu = 00:00:00 ; elapsed = 00:00:00.244 . Memory (MB): peak = 1434.184 ; gain = 0.000
INFO: [Opt 31-389] Phase Sweep created 0 cells and removed 0 cells

Phase 4 BUFG optimization
Phase 4 BUFG optimization | Checksum: 18344fa9e

Time (s): cpu = 00:00:00 ; elapsed = 00:00:00.273 . Memory (MB): peak = 1434.184 ; gain = 0.000
INFO: [Opt 31-662] Phase BUFG optimization created 0 cells of which 0 are BUFGs and removed 0 cells.

Phase 5 Shift Register Optimization
INFO: [Opt 31-1064] SRL Remap converted 0 SRLs to 0 registers and converted 0 registers of register chains to 0 SRLs
Phase 5 Shift Register Optimization | Checksum: 18344fa9e

Time (s): cpu = 00:00:00 ; elapsed = 00:00:00.298 . Memory (MB): peak = 1434.184 ; gain = 0.000
INFO: [Opt 31-389] Phase Shift Register Optimization created 0 cells and removed 0 cells

Phase 6 Post Processing Netlist
Phase 6 Post Processing Netlist | Checksum: 18344fa9e

Time (s): cpu = 00:00:00 ; elapsed = 00:00:00.310 . Memory (MB): peak = 1434.184 ; gain = 0.000
INFO: [Opt 31-389] Phase Post Processing Netlist created 0 cells and removed 0 cells
Opt_design Change Summary
=========================


-------------------------------------------------------------------------------------------------------------------------
|  Phase                        |  #Cells created  |  #Cells Removed  |  #Constrained objects preventing optimizations  |
-------------------------------------------------------------------------------------------------------------------------
|  Retarget                     |               0  |               1  |                                              0  |
|  Constant propagation         |               0  |               0  |                                              0  |
|  Sweep                        |               0  |               0  |                                              0  |
|  BUFG optimization            |               0  |               0  |                                              0  |
|  Shift Register Optimization  |               0  |               0  |                                              0  |
|  Post Processing Netlist      |               0  |               0  |                                              0  |
-------------------------------------------------------------------------------------------------------------------------



Starting Connectivity Check Task

Time (s): cpu = 00:00:00 ; elapsed = 00:00:00.004 . Memory (MB): peak = 1434.184 ; gain = 0.000
Ending Logic Optimization Task | Checksum: 135dc7500

Time (s): cpu = 00:00:00 ; elapsed = 00:00:00.402 . Memory (MB): peak = 1434.184 ; gain = 0.000

Starting Power Optimization Task
INFO: [Pwropt 34-132] Skipping clock gating for clocks with a period < 2.00 ns.
Ending Power Optimization Task | Checksum: 135dc7500

Time (s): cpu = 00:00:00 ; elapsed = 00:00:00.033 . Memory (MB): peak = 1434.184 ; gain = 0.000

Starting Final Cleanup Task
Ending Final Cleanup Task | Checksum: 135dc7500

Time (s): cpu = 00:00:00 ; elapsed = 00:00:00 . Memory (MB): peak = 1434.184 ; gain = 0.000

Starting Netlist Obfuscation Task
Netlist sorting complete. Time (s): cpu = 00:00:00 ; elapsed = 00:00:00 . Memory (MB): peak = 1434.184 ; gain = 0.000
Ending Netlist Obfuscation Task | Checksum: 135dc7500

Time (s): cpu = 00:00:00 ; elapsed = 00:00:00.001 . Memory (MB): peak = 1434.184 ; gain = 0.000
INFO: [Common 17-83] Releasing license: Implementation
24 Infos, 1 Warnings, 0 Critical Warnings and 0 Errors encountered.
opt_design completed successfully
opt_design: Time (s): cpu = 00:00:16 ; elapsed = 00:00:16 . Memory (MB): peak = 1434.184 ; gain = 420.395
INFO: [Timing 38-480] Writing timing data to binary archive.
Writing placer database...
Writing XDEF routing.
Writing XDEF routing logical nets.
Writing XDEF routing special nets.
Write XDEF Complete: Time (s): cpu = 00:00:00 ; elapsed = 00:00:00.068 . Memory (MB): peak = 1434.184 ; gain = 0.000
INFO: [Common 17-1381] The checkpoint 'C:/Users/zhiyi/Documents/alchitry/ObstacleGame/work/vivado/GameMap/GameMap.runs/impl_1/au_top_0_opt.dcp' has been generated.
INFO: [runtcl-4] Executing : report_drc -file au_top_0_drc_opted.rpt -pb au_top_0_drc_opted.pb -rpx au_top_0_drc_opted.rpx
Command: report_drc -file au_top_0_drc_opted.rpt -pb au_top_0_drc_opted.pb -rpx au_top_0_drc_opted.rpx
INFO: [IP_Flow 19-234] Refreshing IP repositories
INFO: [IP_Flow 19-1704] No user IP repositories specified
INFO: [IP_Flow 19-2313] Loaded Vivado IP repository 'C:/Xilinx/Vivado/2020.1/data/ip'.
INFO: [DRC 23-27] Running DRC with 2 threads
INFO: [Coretcl 2-168] The results of DRC are in file C:/Users/zhiyi/Documents/alchitry/ObstacleGame/work/vivado/GameMap/GameMap.runs/impl_1/au_top_0_drc_opted.rpt.
report_drc completed successfully
Command: place_design
Attempting to get a license for feature 'Implementation' and/or device 'xc7a35t'
INFO: [Common 17-349] Got license for feature 'Implementation' and/or device 'xc7a35t'
INFO: [DRC 23-27] Running DRC with 2 threads
INFO: [Vivado_Tcl 4-198] DRC finished with 0 Errors
INFO: [Vivado_Tcl 4-199] Please refer to the DRC report (report_drc) for more information.
Running DRC as a precondition to command place_design
INFO: [DRC 23-27] Running DRC with 2 threads
INFO: [Vivado_Tcl 4-198] DRC finished with 0 Errors
INFO: [Vivado_Tcl 4-199] Please refer to the DRC report (report_drc) for more information.

Starting Placer Task
INFO: [Place 30-611] Multithreading enabled for place_design using a maximum of 2 CPUs

Phase 1 Placer Initialization

Phase 1.1 Placer Initialization Netlist Sorting
Netlist sorting complete. Time (s): cpu = 00:00:00 ; elapsed = 00:00:00.001 . Memory (MB): peak = 1434.184 ; gain = 0.000
Phase 1.1 Placer Initialization Netlist Sorting | Checksum: 400f901b

Time (s): cpu = 00:00:00 ; elapsed = 00:00:00.026 . Memory (MB): peak = 1434.184 ; gain = 0.000
Netlist sorting complete. Time (s): cpu = 00:00:00 ; elapsed = 00:00:00.002 . Memory (MB): peak = 1434.184 ; gain = 0.000

Phase 1.2 IO Placement/ Clock Placement/ Build Placer Device
INFO: [Timing 38-35] Done setting XDC timing constraints.
Phase 1.2 IO Placement/ Clock Placement/ Build Placer Device | Checksum: 11dcba684

Time (s): cpu = 00:00:02 ; elapsed = 00:00:01 . Memory (MB): peak = 1434.184 ; gain = 0.000

Phase 1.3 Build Placer Netlist Model
Phase 1.3 Build Placer Netlist Model | Checksum: 137b25165

Time (s): cpu = 00:00:02 ; elapsed = 00:00:02 . Memory (MB): peak = 1434.184 ; gain = 0.000

Phase 1.4 Constrain Clocks/Macros
Phase 1.4 Constrain Clocks/Macros | Checksum: 137b25165

Time (s): cpu = 00:00:02 ; elapsed = 00:00:02 . Memory (MB): peak = 1434.184 ; gain = 0.000
Phase 1 Placer Initialization | Checksum: 137b25165

Time (s): cpu = 00:00:02 ; elapsed = 00:00:02 . Memory (MB): peak = 1434.184 ; gain = 0.000

Phase 2 Global Placement

Phase 2.1 Floorplanning
Phase 2.1 Floorplanning | Checksum: 13450338d

Time (s): cpu = 00:00:03 ; elapsed = 00:00:02 . Memory (MB): peak = 1434.184 ; gain = 0.000

Phase 2.2 Global Placement Core

Phase 2.2.1 Physical Synthesis In Placer
INFO: [Physopt 32-1035] Found 0 LUTNM shape to break, 41 LUT instances to create LUTNM shape
INFO: [Physopt 32-1044] Break lutnm for timing: one critical 0, two critical 0, total 0, new lutff created 0
INFO: [Physopt 32-775] End 1 Pass. Optimized 20 nets or cells. Created 0 new cell, deleted 20 existing cells and moved 0 existing cell
INFO: [Physopt 32-65] No nets found for high-fanout optimization.
INFO: [Physopt 32-232] Optimized 0 net. Created 0 new instance.
INFO: [Physopt 32-775] End 1 Pass. Optimized 0 net or cell. Created 0 new cell, deleted 0 existing cell and moved 0 existing cell
INFO: [Physopt 32-670] No setup violation found.  DSP Register Optimization was not performed.
INFO: [Physopt 32-670] No setup violation found.  Shift Register to Pipeline Optimization was not performed.
INFO: [Physopt 32-670] No setup violation found.  Shift Register Optimization was not performed.
INFO: [Physopt 32-670] No setup violation found.  BRAM Register Optimization was not performed.
INFO: [Physopt 32-670] No setup violation found.  URAM Register Optimization was not performed.
INFO: [Physopt 32-949] No candidate nets found for HD net replication
INFO: [Physopt 32-775] End 1 Pass. Optimized 0 net or cell. Created 0 new cell, deleted 0 existing cell and moved 0 existing cell
Netlist sorting complete. Time (s): cpu = 00:00:00 ; elapsed = 00:00:00.001 . Memory (MB): peak = 1434.184 ; gain = 0.000

Summary of Physical Synthesis Optimizations
============================================


-----------------------------------------------------------------------------------------------------------------------------------------------------------
|  Optimization                                     |  Added Cells  |  Removed Cells  |  Optimized Cells/Nets  |  Dont Touch  |  Iterations  |  Elapsed   |
-----------------------------------------------------------------------------------------------------------------------------------------------------------
|  LUT Combining                                    |            0  |             20  |                    20  |           0  |           1  |  00:00:00  |
|  Very High Fanout                                 |            0  |              0  |                     0  |           0  |           1  |  00:00:00  |
|  DSP Register                                     |            0  |              0  |                     0  |           0  |           0  |  00:00:00  |
|  Shift Register to Pipeline                       |            0  |              0  |                     0  |           0  |           0  |  00:00:00  |
|  Shift Register                                   |            0  |              0  |                     0  |           0  |           0  |  00:00:00  |
|  BRAM Register                                    |            0  |              0  |                     0  |           0  |           0  |  00:00:00  |
|  URAM Register                                    |            0  |              0  |                     0  |           0  |           0  |  00:00:00  |
|  Dynamic/Static Region Interface Net Replication  |            0  |              0  |                     0  |           0  |           1  |  00:00:00  |
|  Total                                            |            0  |             20  |                    20  |           0  |           3  |  00:00:00  |
-----------------------------------------------------------------------------------------------------------------------------------------------------------


Phase 2.2.1 Physical Synthesis In Placer | Checksum: 1e093c173

Time (s): cpu = 00:00:07 ; elapsed = 00:00:04 . Memory (MB): peak = 1434.184 ; gain = 0.000
Phase 2.2 Global Placement Core | Checksum: 19ec24732

Time (s): cpu = 00:00:07 ; elapsed = 00:00:04 . Memory (MB): peak = 1434.184 ; gain = 0.000
Phase 2 Global Placement | Checksum: 19ec24732

Time (s): cpu = 00:00:07 ; elapsed = 00:00:04 . Memory (MB): peak = 1434.184 ; gain = 0.000

Phase 3 Detail Placement

Phase 3.1 Commit Multi Column Macros
Phase 3.1 Commit Multi Column Macros | Checksum: 1c65a5e35

Time (s): cpu = 00:00:07 ; elapsed = 00:00:04 . Memory (MB): peak = 1434.184 ; gain = 0.000

Phase 3.2 Commit Most Macros & LUTRAMs
Phase 3.2 Commit Most Macros & LUTRAMs | Checksum: 2133912e4

Time (s): cpu = 00:00:07 ; elapsed = 00:00:05 . Memory (MB): peak = 1434.184 ; gain = 0.000

Phase 3.3 Area Swap Optimization
Phase 3.3 Area Swap Optimization | Checksum: 181cb4cb3

Time (s): cpu = 00:00:07 ; elapsed = 00:00:05 . Memory (MB): peak = 1434.184 ; gain = 0.000

Phase 3.4 Pipeline Register Optimization
Phase 3.4 Pipeline Register Optimization | Checksum: 14bbf7226

Time (s): cpu = 00:00:08 ; elapsed = 00:00:05 . Memory (MB): peak = 1434.184 ; gain = 0.000

Phase 3.5 Small Shape Detail Placement
Phase 3.5 Small Shape Detail Placement | Checksum: 1754d02b4

Time (s): cpu = 00:00:08 ; elapsed = 00:00:05 . Memory (MB): peak = 1434.184 ; gain = 0.000

Phase 3.6 Re-assign LUT pins
Phase 3.6 Re-assign LUT pins | Checksum: 12bca5060

Time (s): cpu = 00:00:08 ; elapsed = 00:00:05 . Memory (MB): peak = 1434.184 ; gain = 0.000

Phase 3.7 Pipeline Register Optimization
Phase 3.7 Pipeline Register Optimization | Checksum: 19b1d802c

Time (s): cpu = 00:00:08 ; elapsed = 00:00:05 . Memory (MB): peak = 1434.184 ; gain = 0.000
Phase 3 Detail Placement | Checksum: 19b1d802c

Time (s): cpu = 00:00:08 ; elapsed = 00:00:05 . Memory (MB): peak = 1434.184 ; gain = 0.000

Phase 4 Post Placement Optimization and Clean-Up

Phase 4.1 Post Commit Optimization
INFO: [Timing 38-35] Done setting XDC timing constraints.

Phase 4.1.1 Post Placement Optimization
Post Placement Optimization Initialization | Checksum: 119cf858e

Phase 4.1.1.1 BUFG Insertion

Starting Physical Synthesis Task

Phase 1 Physical Synthesis Initialization
INFO: [Physopt 32-721] Multithreading enabled for phys_opt_design using a maximum of 2 CPUs
INFO: [Physopt 32-619] Estimated Timing Summary | WNS=1.344 | TNS=0.000 |
Phase 1 Physical Synthesis Initialization | Checksum: 1a927379f

Time (s): cpu = 00:00:00 ; elapsed = 00:00:00.095 . Memory (MB): peak = 1445.645 ; gain = 0.000
INFO: [Place 46-56] BUFG insertion identified 0 candidate nets. Inserted BUFG: 0, Replicated BUFG Driver: 0, Skipped due to Placement/Routing Conflicts: 0, Skipped due to Timing Degradation: 0, Skipped due to Illegal Netlist: 0.
Ending Physical Synthesis Task | Checksum: 1e1e60b9b

Time (s): cpu = 00:00:00 ; elapsed = 00:00:00.103 . Memory (MB): peak = 1445.645 ; gain = 0.000
Phase 4.1.1.1 BUFG Insertion | Checksum: 119cf858e

Time (s): cpu = 00:00:09 ; elapsed = 00:00:06 . Memory (MB): peak = 1445.645 ; gain = 11.461
INFO: [Place 30-746] Post Placement Timing Summary WNS=1.344. For the most accurate timing information please run report_timing.
Phase 4.1.1 Post Placement Optimization | Checksum: 1d551ad9b

Time (s): cpu = 00:00:09 ; elapsed = 00:00:06 . Memory (MB): peak = 1445.645 ; gain = 11.461
Phase 4.1 Post Commit Optimization | Checksum: 1d551ad9b

Time (s): cpu = 00:00:09 ; elapsed = 00:00:06 . Memory (MB): peak = 1445.645 ; gain = 11.461

Phase 4.2 Post Placement Cleanup
Phase 4.2 Post Placement Cleanup | Checksum: 1d551ad9b

Time (s): cpu = 00:00:09 ; elapsed = 00:00:06 . Memory (MB): peak = 1445.645 ; gain = 11.461

Phase 4.3 Placer Reporting
Phase 4.3 Placer Reporting | Checksum: 1d551ad9b

Time (s): cpu = 00:00:09 ; elapsed = 00:00:06 . Memory (MB): peak = 1445.645 ; gain = 11.461

Phase 4.4 Final Placement Cleanup
Netlist sorting complete. Time (s): cpu = 00:00:00 ; elapsed = 00:00:00.001 . Memory (MB): peak = 1445.645 ; gain = 0.000
Phase 4.4 Final Placement Cleanup | Checksum: 16c417e1f

Time (s): cpu = 00:00:09 ; elapsed = 00:00:06 . Memory (MB): peak = 1445.645 ; gain = 11.461
Phase 4 Post Placement Optimization and Clean-Up | Checksum: 16c417e1f

Time (s): cpu = 00:00:09 ; elapsed = 00:00:06 . Memory (MB): peak = 1445.645 ; gain = 11.461
Ending Placer Task | Checksum: 8308f73a

Time (s): cpu = 00:00:09 ; elapsed = 00:00:06 . Memory (MB): peak = 1445.645 ; gain = 11.461
INFO: [Common 17-83] Releasing license: Implementation
60 Infos, 1 Warnings, 0 Critical Warnings and 0 Errors encountered.
place_design completed successfully
place_design: Time (s): cpu = 00:00:11 ; elapsed = 00:00:07 . Memory (MB): peak = 1445.645 ; gain = 11.461
INFO: [Timing 38-480] Writing timing data to binary archive.
Writing placer database...
Writing XDEF routing.
Writing XDEF routing logical nets.
Writing XDEF routing special nets.
Write XDEF Complete: Time (s): cpu = 00:00:01 ; elapsed = 00:00:00.353 . Memory (MB): peak = 1445.656 ; gain = 0.012
INFO: [Common 17-1381] The checkpoint 'C:/Users/zhiyi/Documents/alchitry/ObstacleGame/work/vivado/GameMap/GameMap.runs/impl_1/au_top_0_placed.dcp' has been generated.
INFO: [runtcl-4] Executing : report_io -file au_top_0_io_placed.rpt
report_io: Time (s): cpu = 00:00:00 ; elapsed = 00:00:00.046 . Memory (MB): peak = 1445.656 ; gain = 0.000
INFO: [runtcl-4] Executing : report_utilization -file au_top_0_utilization_placed.rpt -pb au_top_0_utilization_placed.pb
INFO: [runtcl-4] Executing : report_control_sets -verbose -file au_top_0_control_sets_placed.rpt
report_control_sets: Time (s): cpu = 00:00:00 ; elapsed = 00:00:00.006 . Memory (MB): peak = 1445.656 ; gain = 0.000
Command: phys_opt_design
Attempting to get a license for feature 'Implementation' and/or device 'xc7a35t'
INFO: [Common 17-349] Got license for feature 'Implementation' and/or device 'xc7a35t'
INFO: [Vivado_Tcl 4-383] Design worst setup slack (WNS) is greater than or equal to 0.000 ns. Skipping all physical synthesis optimizations.
INFO: [Vivado_Tcl 4-232] No setup violation found. The netlist was not modified.
INFO: [Common 17-83] Releasing license: Implementation
69 Infos, 1 Warnings, 0 Critical Warnings and 0 Errors encountered.
phys_opt_design completed successfully
INFO: [Timing 38-480] Writing timing data to binary archive.
Writing placer database...
Writing XDEF routing.
Writing XDEF routing logical nets.
Writing XDEF routing special nets.
Write XDEF Complete: Time (s): cpu = 00:00:00 ; elapsed = 00:00:00.197 . Memory (MB): peak = 1478.008 ; gain = 17.914
INFO: [Common 17-1381] The checkpoint 'C:/Users/zhiyi/Documents/alchitry/ObstacleGame/work/vivado/GameMap/GameMap.runs/impl_1/au_top_0_physopt.dcp' has been generated.
Command: route_design
Attempting to get a license for feature 'Implementation' and/or device 'xc7a35t'
INFO: [Common 17-349] Got license for feature 'Implementation' and/or device 'xc7a35t'
Running DRC as a precondition to command route_design
INFO: [DRC 23-27] Running DRC with 2 threads
INFO: [Vivado_Tcl 4-198] DRC finished with 0 Errors
INFO: [Vivado_Tcl 4-199] Please refer to the DRC report (report_drc) for more information.


Starting Routing Task
INFO: [Route 35-254] Multithreading enabled for route_design using a maximum of 2 CPUs
Checksum: PlaceDB: 667532d4 ConstDB: 0 ShapeSum: 1c93c466 RouteDB: 0

Phase 1 Build RT Design
Phase 1 Build RT Design | Checksum: 581a37d8

Time (s): cpu = 00:00:26 ; elapsed = 00:00:22 . Memory (MB): peak = 1577.801 ; gain = 85.809
Post Restoration Checksum: NetGraph: d2ee3a2 NumContArr: 4aeb5436 Constraints: 0 Timing: 0

Phase 2 Router Initialization

Phase 2.1 Create Timer
Phase 2.1 Create Timer | Checksum: 581a37d8

Time (s): cpu = 00:00:26 ; elapsed = 00:00:22 . Memory (MB): peak = 1577.801 ; gain = 85.809

Phase 2.2 Fix Topology Constraints
Phase 2.2 Fix Topology Constraints | Checksum: 581a37d8

Time (s): cpu = 00:00:26 ; elapsed = 00:00:22 . Memory (MB): peak = 1583.781 ; gain = 91.789

Phase 2.3 Pre Route Cleanup
Phase 2.3 Pre Route Cleanup | Checksum: 581a37d8

Time (s): cpu = 00:00:26 ; elapsed = 00:00:22 . Memory (MB): peak = 1583.781 ; gain = 91.789
 Number of Nodes with overlaps = 0

Phase 2.4 Update Timing
Phase 2.4 Update Timing | Checksum: 2465679eb

Time (s): cpu = 00:00:27 ; elapsed = 00:00:23 . Memory (MB): peak = 1590.648 ; gain = 98.656
INFO: [Route 35-416] Intermediate Timing Summary | WNS=1.428  | TNS=0.000  | WHS=-0.145 | THS=-5.864 |

Phase 2 Router Initialization | Checksum: 24ea83e04

Time (s): cpu = 00:00:27 ; elapsed = 00:00:23 . Memory (MB): peak = 1590.648 ; gain = 98.656

Router Utilization Summary
  Global Vertical Routing Utilization    = 0 %
  Global Horizontal Routing Utilization  = 0 %
  Routable Net Status*
  *Does not include unroutable nets such as driverless and loadless.
  Run report_route_status for detailed report.
  Number of Failed Nets               = 910
    (Failed Nets is the sum of unrouted and partially routed nets)
  Number of Unrouted Nets             = 910
  Number of Partially Routed Nets     = 0
  Number of Node Overlaps             = 0


Phase 3 Initial Routing
Phase 3 Initial Routing | Checksum: 19d88fa89

Time (s): cpu = 00:00:28 ; elapsed = 00:00:23 . Memory (MB): peak = 1590.648 ; gain = 98.656

Phase 4 Rip-up And Reroute

Phase 4.1 Global Iteration 0
 Number of Nodes with overlaps = 94
 Number of Nodes with overlaps = 4
 Number of Nodes with overlaps = 2
 Number of Nodes with overlaps = 1
 Number of Nodes with overlaps = 0
INFO: [Route 35-416] Intermediate Timing Summary | WNS=1.785  | TNS=0.000  | WHS=N/A    | THS=N/A    |

Phase 4.1 Global Iteration 0 | Checksum: 1c2a1ab6f

Time (s): cpu = 00:00:29 ; elapsed = 00:00:24 . Memory (MB): peak = 1590.648 ; gain = 98.656

Phase 4.2 Global Iteration 1
 Number of Nodes with overlaps = 1
 Number of Nodes with overlaps = 0
INFO: [Route 35-416] Intermediate Timing Summary | WNS=1.845  | TNS=0.000  | WHS=N/A    | THS=N/A    |

Phase 4.2 Global Iteration 1 | Checksum: eef7826b

Time (s): cpu = 00:00:29 ; elapsed = 00:00:24 . Memory (MB): peak = 1590.648 ; gain = 98.656
Phase 4 Rip-up And Reroute | Checksum: eef7826b

Time (s): cpu = 00:00:29 ; elapsed = 00:00:24 . Memory (MB): peak = 1590.648 ; gain = 98.656

Phase 5 Delay and Skew Optimization

Phase 5.1 Delay CleanUp
Phase 5.1 Delay CleanUp | Checksum: eef7826b

Time (s): cpu = 00:00:29 ; elapsed = 00:00:24 . Memory (MB): peak = 1590.648 ; gain = 98.656

Phase 5.2 Clock Skew Optimization
Phase 5.2 Clock Skew Optimization | Checksum: eef7826b

Time (s): cpu = 00:00:29 ; elapsed = 00:00:24 . Memory (MB): peak = 1590.648 ; gain = 98.656
Phase 5 Delay and Skew Optimization | Checksum: eef7826b

Time (s): cpu = 00:00:29 ; elapsed = 00:00:24 . Memory (MB): peak = 1590.648 ; gain = 98.656

Phase 6 Post Hold Fix

Phase 6.1 Hold Fix Iter

Phase 6.1.1 Update Timing
Phase 6.1.1 Update Timing | Checksum: db7c7ccc

Time (s): cpu = 00:00:29 ; elapsed = 00:00:24 . Memory (MB): peak = 1590.648 ; gain = 98.656
INFO: [Route 35-416] Intermediate Timing Summary | WNS=1.925  | TNS=0.000  | WHS=0.055  | THS=0.000  |

Phase 6.1 Hold Fix Iter | Checksum: db7c7ccc

Time (s): cpu = 00:00:29 ; elapsed = 00:00:24 . Memory (MB): peak = 1590.648 ; gain = 98.656
Phase 6 Post Hold Fix | Checksum: db7c7ccc

Time (s): cpu = 00:00:29 ; elapsed = 00:00:24 . Memory (MB): peak = 1590.648 ; gain = 98.656

Phase 7 Route finalize

Router Utilization Summary
  Global Vertical Routing Utilization    = 0.22387 %
  Global Horizontal Routing Utilization  = 0.297762 %
  Routable Net Status*
  *Does not include unroutable nets such as driverless and loadless.
  Run report_route_status for detailed report.
  Number of Failed Nets               = 0
    (Failed Nets is the sum of unrouted and partially routed nets)
  Number of Unrouted Nets             = 0
  Number of Partially Routed Nets     = 0
  Number of Node Overlaps             = 0

Phase 7 Route finalize | Checksum: db7c7ccc

Time (s): cpu = 00:00:29 ; elapsed = 00:00:24 . Memory (MB): peak = 1590.648 ; gain = 98.656

Phase 8 Verifying routed nets

 Verification completed successfully
Phase 8 Verifying routed nets | Checksum: db7c7ccc

Time (s): cpu = 00:00:29 ; elapsed = 00:00:24 . Memory (MB): peak = 1591.949 ; gain = 99.957

Phase 9 Depositing Routes
Phase 9 Depositing Routes | Checksum: 48dcaa0b

Time (s): cpu = 00:00:30 ; elapsed = 00:00:25 . Memory (MB): peak = 1591.949 ; gain = 99.957

Phase 10 Post Router Timing
INFO: [Route 35-57] Estimated Timing Summary | WNS=1.925  | TNS=0.000  | WHS=0.055  | THS=0.000  |

INFO: [Route 35-327] The final timing numbers are based on the router estimated timing analysis. For a complete and accurate timing signoff, please run report_timing_summary.
Phase 10 Post Router Timing | Checksum: 48dcaa0b

Time (s): cpu = 00:00:30 ; elapsed = 00:00:25 . Memory (MB): peak = 1591.949 ; gain = 99.957
INFO: [Route 35-16] Router Completed Successfully

Time (s): cpu = 00:00:30 ; elapsed = 00:00:25 . Memory (MB): peak = 1591.949 ; gain = 99.957

Routing Is Done.
INFO: [Common 17-83] Releasing license: Implementation
84 Infos, 1 Warnings, 0 Critical Warnings and 0 Errors encountered.
route_design completed successfully
route_design: Time (s): cpu = 00:00:31 ; elapsed = 00:00:26 . Memory (MB): peak = 1591.949 ; gain = 113.941
INFO: [Timing 38-480] Writing timing data to binary archive.
Writing placer database...
Writing XDEF routing.
Writing XDEF routing logical nets.
Writing XDEF routing special nets.
Write XDEF Complete: Time (s): cpu = 00:00:00 ; elapsed = 00:00:00.207 . Memory (MB): peak = 1601.836 ; gain = 9.887
INFO: [Common 17-1381] The checkpoint 'C:/Users/zhiyi/Documents/alchitry/ObstacleGame/work/vivado/GameMap/GameMap.runs/impl_1/au_top_0_routed.dcp' has been generated.
INFO: [runtcl-4] Executing : report_drc -file au_top_0_drc_routed.rpt -pb au_top_0_drc_routed.pb -rpx au_top_0_drc_routed.rpx
Command: report_drc -file au_top_0_drc_routed.rpt -pb au_top_0_drc_routed.pb -rpx au_top_0_drc_routed.rpx
INFO: [IP_Flow 19-1839] IP Catalog is up to date.
INFO: [DRC 23-27] Running DRC with 2 threads
INFO: [Coretcl 2-168] The results of DRC are in file C:/Users/zhiyi/Documents/alchitry/ObstacleGame/work/vivado/GameMap/GameMap.runs/impl_1/au_top_0_drc_routed.rpt.
report_drc completed successfully
INFO: [runtcl-4] Executing : report_methodology -file au_top_0_methodology_drc_routed.rpt -pb au_top_0_methodology_drc_routed.pb -rpx au_top_0_methodology_drc_routed.rpx
Command: report_methodology -file au_top_0_methodology_drc_routed.rpt -pb au_top_0_methodology_drc_routed.pb -rpx au_top_0_methodology_drc_routed.rpx
INFO: [Timing 38-35] Done setting XDC timing constraints.
INFO: [DRC 23-133] Running Methodology with 2 threads
INFO: [Coretcl 2-1520] The results of Report Methodology are in file C:/Users/zhiyi/Documents/alchitry/ObstacleGame/work/vivado/GameMap/GameMap.runs/impl_1/au_top_0_methodology_drc_routed.rpt.
report_methodology completed successfully
INFO: [runtcl-4] Executing : report_power -file au_top_0_power_routed.rpt -pb au_top_0_power_summary_routed.pb -rpx au_top_0_power_routed.rpx
Command: report_power -file au_top_0_power_routed.rpt -pb au_top_0_power_summary_routed.pb -rpx au_top_0_power_routed.rpx
INFO: [Timing 38-35] Done setting XDC timing constraints.
Running Vector-less Activity Propagation...

Finished Running Vector-less Activity Propagation
96 Infos, 1 Warnings, 0 Critical Warnings and 0 Errors encountered.
report_power completed successfully
INFO: [runtcl-4] Executing : report_route_status -file au_top_0_route_status.rpt -pb au_top_0_route_status.pb
INFO: [runtcl-4] Executing : report_timing_summary -max_paths 10 -file au_top_0_timing_summary_routed.rpt -pb au_top_0_timing_summary_routed.pb -rpx au_top_0_timing_summary_routed.rpx -warn_on_violation 
INFO: [Timing 38-91] UpdateTimingParams: Speed grade: -1, Delay Type: min_max.
INFO: [Timing 38-191] Multithreading enabled for timing update using a maximum of 2 CPUs
INFO: [runtcl-4] Executing : report_incremental_reuse -file au_top_0_incremental_reuse_routed.rpt
INFO: [Vivado_Tcl 4-1062] Incremental flow is disabled. No incremental reuse Info to report.
INFO: [runtcl-4] Executing : report_clock_utilization -file au_top_0_clock_utilization_routed.rpt
INFO: [runtcl-4] Executing : report_bus_skew -warn_on_violation -file au_top_0_bus_skew_routed.rpt -pb au_top_0_bus_skew_routed.pb -rpx au_top_0_bus_skew_routed.rpx
INFO: [Timing 38-91] UpdateTimingParams: Speed grade: -1, Delay Type: min_max.
INFO: [Timing 38-191] Multithreading enabled for timing update using a maximum of 2 CPUs
Command: write_bitstream -force au_top_0.bit -bin_file
Attempting to get a license for feature 'Implementation' and/or device 'xc7a35t'
INFO: [Common 17-349] Got license for feature 'Implementation' and/or device 'xc7a35t'
Running DRC as a precondition to command write_bitstream
INFO: [IP_Flow 19-1839] IP Catalog is up to date.
INFO: [DRC 23-27] Running DRC with 2 threads
INFO: [Vivado 12-3199] DRC finished with 0 Errors
INFO: [Vivado 12-3200] Please refer to the DRC report (report_drc) for more information.
INFO: [Designutils 20-2272] Running write_bitstream with 2 threads.
Loading data files...
Loading site data...
Loading route data...
Processing options...
Creating bitmap...
Creating bitstream...
Bitstream compression saved 12851200 bits.
Writing bitstream ./au_top_0.bit...
Writing bitstream ./au_top_0.bin...
INFO: [Vivado 12-1842] Bitgen Completed Successfully.
INFO: [Project 1-120] WebTalk data collection is mandatory when using a WebPACK part without a full Vivado license. To see the specific WebTalk data collected for your design, open the usage_statistics_webtalk.html or usage_statistics_webtalk.xml file in the implementation directory.
INFO: [Common 17-186] 'C:/Users/zhiyi/Documents/alchitry/ObstacleGame/work/vivado/GameMap/GameMap.runs/impl_1/usage_statistics_webtalk.xml' has been successfully sent to Xilinx on Fri Dec  4 10:59:48 2020. For additional details about this file, please refer to the WebTalk help file at C:/Xilinx/Vivado/2020.1/doc/webtalk_introduction.html.
INFO: [Common 17-83] Releasing license: Implementation
116 Infos, 1 Warnings, 0 Critical Warnings and 0 Errors encountered.
write_bitstream completed successfully
write_bitstream: Time (s): cpu = 00:00:17 ; elapsed = 00:00:23 . Memory (MB): peak = 2031.230 ; gain = 395.207
INFO: [Common 17-206] Exiting Vivado at Fri Dec  4 10:59:48 2020...
[Fri Dec  4 10:59:53 2020] impl_1 finished
wait_on_run: Time (s): cpu = 00:00:00 ; elapsed = 00:01:52 . Memory (MB): peak = 1013.348 ; gain = 0.000
INFO: [Common 17-206] Exiting Vivado at Fri Dec  4 10:59:54 2020...

Finished building project.
